<?xml version="1.0" encoding="UTF-8"?>
<!-- Generated by org.testng.reporters.JUnitXMLReporter -->
<testsuite ignored="0" hostname="TILLT03788" failures="0" tests="6" name="Default test" time="159.209" errors="0" timestamp="2020-06-01T22:03:17 IST">
  <testcase classname="test.Login1" name="emptyEmailTest" time="0.455"/>
  <testcase classname="test.Login1" name="invalidEmailTest" time="0.487"/>
  <testcase classname="test.Login1" name="invalidPasswordTest" time="1.947"/>
  <testcase classname="test.Login1" name="titleTest" time="0.037"/>
  <testcase classname="test.Login1" name="loginTest" time="0.671"/>
  <testcase classname="test.Login1" name="logoutTest" time="4.132"/>
</testsuite> <!-- Default test -->
